<?xml version="1.0" encoding="UTF-8"?>
<testsuite xmlns:xsi="http://www.w3.org/2001/XMLSchema-instance" xsi:noNamespaceSchemaLocation="https://maven.apache.org/surefire/maven-surefire-plugin/xsd/surefire-test-report-3.0.xsd" version="3.0" name="geocoding.AddressResolverTest" time="0.81" tests="2" errors="0" skipped="0" failures="0">
  <properties>
    <property name="sun.desktop" value="gnome"/>
    <property name="awt.toolkit" value="sun.awt.X11.XToolkit"/>
    <property name="java.specification.version" value="11"/>
    <property name="sun.cpu.isalist" value=""/>
    <property name="sun.jnu.encoding" value="UTF-8"/>
    <property name="java.class.path" value="/home/miragaia/Documents/3_ANO/2_SEMESTRE/TQS/TQS_108317/lab2/lab2_2geocoding/target/test-classes:/home/miragaia/Documents/3_ANO/2_SEMESTRE/TQS/TQS_108317/lab2/lab2_2geocoding/target/classes:/home/miragaia/.m2/repository/org/junit/jupiter/junit-jupiter/5.9.2/junit-jupiter-5.9.2.jar:/home/miragaia/.m2/repository/org/junit/jupiter/junit-jupiter-api/5.9.2/junit-jupiter-api-5.9.2.jar:/home/miragaia/.m2/repository/org/opentest4j/opentest4j/1.2.0/opentest4j-1.2.0.jar:/home/miragaia/.m2/repository/org/junit/platform/junit-platform-commons/1.9.2/junit-platform-commons-1.9.2.jar:/home/miragaia/.m2/repository/org/apiguardian/apiguardian-api/1.1.2/apiguardian-api-1.1.2.jar:/home/miragaia/.m2/repository/org/junit/jupiter/junit-jupiter-params/5.9.2/junit-jupiter-params-5.9.2.jar:/home/miragaia/.m2/repository/org/junit/jupiter/junit-jupiter-engine/5.9.2/junit-jupiter-engine-5.9.2.jar:/home/miragaia/.m2/repository/org/junit/platform/junit-platform-engine/1.9.2/junit-platform-engine-1.9.2.jar:/home/miragaia/.m2/repository/org/hamcrest/hamcrest-all/1.3/hamcrest-all-1.3.jar:/home/miragaia/.m2/repository/org/mockito/mockito-junit-jupiter/5.1.1/mockito-junit-jupiter-5.1.1.jar:/home/miragaia/.m2/repository/org/mockito/mockito-core/5.1.1/mockito-core-5.1.1.jar:/home/miragaia/.m2/repository/net/bytebuddy/byte-buddy/1.12.22/byte-buddy-1.12.22.jar:/home/miragaia/.m2/repository/net/bytebuddy/byte-buddy-agent/1.12.22/byte-buddy-agent-1.12.22.jar:/home/miragaia/.m2/repository/org/objenesis/objenesis/3.3/objenesis-3.3.jar:/home/miragaia/.m2/repository/org/slf4j/slf4j-api/2.0.6/slf4j-api-2.0.6.jar:/home/miragaia/.m2/repository/ch/qos/logback/logback-classic/1.4.5/logback-classic-1.4.5.jar:/home/miragaia/.m2/repository/ch/qos/logback/logback-core/1.4.5/logback-core-1.4.5.jar:/home/miragaia/.m2/repository/org/apache/httpcomponents/httpclient/4.5.13/httpclient-4.5.13.jar:/home/miragaia/.m2/repository/org/apache/httpcomponents/httpcore/4.4.13/httpcore-4.4.13.jar:/home/miragaia/.m2/repository/commons-logging/commons-logging/1.2/commons-logging-1.2.jar:/home/miragaia/.m2/repository/commons-codec/commons-codec/1.11/commons-codec-1.11.jar:/home/miragaia/.m2/repository/com/googlecode/json-simple/json-simple/1.1.1/json-simple-1.1.1.jar:/home/miragaia/.m2/repository/junit/junit/4.10/junit-4.10.jar:/home/miragaia/.m2/repository/org/hamcrest/hamcrest-core/1.1/hamcrest-core-1.1.jar:"/>
    <property name="java.vm.vendor" value="Ubuntu"/>
    <property name="sun.arch.data.model" value="64"/>
    <property name="java.vendor.url" value="https://ubuntu.com/"/>
    <property name="user.timezone" value="Europe/Lisbon"/>
    <property name="user.country.format" value="PT"/>
    <property name="java.vm.specification.version" value="11"/>
    <property name="os.name" value="Linux"/>
    <property name="sun.java.launcher" value="SUN_STANDARD"/>
    <property name="user.country" value="US"/>
    <property name="sun.boot.library.path" value="/usr/lib/jvm/java-11-openjdk-amd64/lib"/>
    <property name="sun.java.command" value="/home/miragaia/Documents/3_ANO/2_SEMESTRE/TQS/TQS_108317/lab2/lab2_2geocoding/target/surefire/surefirebooter-20240228000139772_3.jar /home/miragaia/Documents/3_ANO/2_SEMESTRE/TQS/TQS_108317/lab2/lab2_2geocoding/target/surefire 2024-02-28T00-01-39_583-jvmRun1 surefire-20240228000139772_1tmp surefire_0-20240228000139772_2tmp"/>
    <property name="jdk.debug" value="release"/>
    <property name="surefire.test.class.path" value="/home/miragaia/Documents/3_ANO/2_SEMESTRE/TQS/TQS_108317/lab2/lab2_2geocoding/target/test-classes:/home/miragaia/Documents/3_ANO/2_SEMESTRE/TQS/TQS_108317/lab2/lab2_2geocoding/target/classes:/home/miragaia/.m2/repository/org/junit/jupiter/junit-jupiter/5.9.2/junit-jupiter-5.9.2.jar:/home/miragaia/.m2/repository/org/junit/jupiter/junit-jupiter-api/5.9.2/junit-jupiter-api-5.9.2.jar:/home/miragaia/.m2/repository/org/opentest4j/opentest4j/1.2.0/opentest4j-1.2.0.jar:/home/miragaia/.m2/repository/org/junit/platform/junit-platform-commons/1.9.2/junit-platform-commons-1.9.2.jar:/home/miragaia/.m2/repository/org/apiguardian/apiguardian-api/1.1.2/apiguardian-api-1.1.2.jar:/home/miragaia/.m2/repository/org/junit/jupiter/junit-jupiter-params/5.9.2/junit-jupiter-params-5.9.2.jar:/home/miragaia/.m2/repository/org/junit/jupiter/junit-jupiter-engine/5.9.2/junit-jupiter-engine-5.9.2.jar:/home/miragaia/.m2/repository/org/junit/platform/junit-platform-engine/1.9.2/junit-platform-engine-1.9.2.jar:/home/miragaia/.m2/repository/org/hamcrest/hamcrest-all/1.3/hamcrest-all-1.3.jar:/home/miragaia/.m2/repository/org/mockito/mockito-junit-jupiter/5.1.1/mockito-junit-jupiter-5.1.1.jar:/home/miragaia/.m2/repository/org/mockito/mockito-core/5.1.1/mockito-core-5.1.1.jar:/home/miragaia/.m2/repository/net/bytebuddy/byte-buddy/1.12.22/byte-buddy-1.12.22.jar:/home/miragaia/.m2/repository/net/bytebuddy/byte-buddy-agent/1.12.22/byte-buddy-agent-1.12.22.jar:/home/miragaia/.m2/repository/org/objenesis/objenesis/3.3/objenesis-3.3.jar:/home/miragaia/.m2/repository/org/slf4j/slf4j-api/2.0.6/slf4j-api-2.0.6.jar:/home/miragaia/.m2/repository/ch/qos/logback/logback-classic/1.4.5/logback-classic-1.4.5.jar:/home/miragaia/.m2/repository/ch/qos/logback/logback-core/1.4.5/logback-core-1.4.5.jar:/home/miragaia/.m2/repository/org/apache/httpcomponents/httpclient/4.5.13/httpclient-4.5.13.jar:/home/miragaia/.m2/repository/org/apache/httpcomponents/httpcore/4.4.13/httpcore-4.4.13.jar:/home/miragaia/.m2/repository/commons-logging/commons-logging/1.2/commons-logging-1.2.jar:/home/miragaia/.m2/repository/commons-codec/commons-codec/1.11/commons-codec-1.11.jar:/home/miragaia/.m2/repository/com/googlecode/json-simple/json-simple/1.1.1/json-simple-1.1.1.jar:/home/miragaia/.m2/repository/junit/junit/4.10/junit-4.10.jar:/home/miragaia/.m2/repository/org/hamcrest/hamcrest-core/1.1/hamcrest-core-1.1.jar:"/>
    <property name="sun.cpu.endian" value="little"/>
    <property name="user.home" value="/home/miragaia"/>
    <property name="user.language" value="en"/>
    <property name="java.specification.vendor" value="Oracle Corporation"/>
    <property name="java.version.date" value="2024-01-16"/>
    <property name="java.home" value="/usr/lib/jvm/java-11-openjdk-amd64"/>
    <property name="file.separator" value="/"/>
    <property name="basedir" value="/home/miragaia/Documents/3_ANO/2_SEMESTRE/TQS/TQS_108317/lab2/lab2_2geocoding"/>
    <property name="java.vm.compressedOopsMode" value="32-bit"/>
    <property name="line.separator" value="&#10;"/>
    <property name="java.specification.name" value="Java Platform API Specification"/>
    <property name="java.vm.specification.vendor" value="Oracle Corporation"/>
    <property name="java.awt.graphicsenv" value="sun.awt.X11GraphicsEnvironment"/>
    <property name="surefire.real.class.path" value="/home/miragaia/Documents/3_ANO/2_SEMESTRE/TQS/TQS_108317/lab2/lab2_2geocoding/target/surefire/surefirebooter-20240228000139772_3.jar"/>
    <property name="sun.management.compiler" value="HotSpot 64-Bit Tiered Compilers"/>
    <property name="java.runtime.version" value="11.0.22+7-post-Ubuntu-0ubuntu222.04.1"/>
    <property name="user.name" value="miragaia"/>
    <property name="path.separator" value=":"/>
    <property name="os.version" value="6.5.0-21-generic"/>
    <property name="java.runtime.name" value="OpenJDK Runtime Environment"/>
    <property name="file.encoding" value="UTF-8"/>
    <property name="java.vm.name" value="OpenJDK 64-Bit Server VM"/>
    <property name="localRepository" value="/home/miragaia/.m2/repository"/>
    <property name="java.vendor.url.bug" value="https://bugs.launchpad.net/ubuntu/+source/openjdk-lts"/>
    <property name="java.io.tmpdir" value="/tmp"/>
    <property name="java.version" value="11.0.22"/>
    <property name="user.dir" value="/home/miragaia/Documents/3_ANO/2_SEMESTRE/TQS/TQS_108317/lab2/lab2_2geocoding"/>
    <property name="os.arch" value="amd64"/>
    <property name="java.vm.specification.name" value="Java Virtual Machine Specification"/>
    <property name="java.awt.printerjob" value="sun.print.PSPrinterJob"/>
    <property name="user.language.format" value="pt"/>
    <property name="sun.os.patch.level" value="unknown"/>
    <property name="java.library.path" value="/usr/java/packages/lib:/usr/lib/x86_64-linux-gnu/jni:/lib/x86_64-linux-gnu:/usr/lib/x86_64-linux-gnu:/usr/lib/jni:/lib:/usr/lib"/>
    <property name="java.vm.info" value="mixed mode, sharing"/>
    <property name="java.vendor" value="Ubuntu"/>
    <property name="java.vm.version" value="11.0.22+7-post-Ubuntu-0ubuntu222.04.1"/>
    <property name="java.specification.maintenance.version" value="2"/>
    <property name="sun.io.unicode.encoding" value="UnicodeLittle"/>
    <property name="java.class.version" value="55.0"/>
  </properties>
  <testcase name="whenBadCoordidates_thenReturnNoValidAddress" classname="geocoding.AddressResolverTest" time="0.774">
    <system-err><![CDATA[fev 28, 2024 12:01:40 DA MANHÃƒ geocoding.AddressResolverService findAddressForLocation
INFO: {
  "info": {
    "statuscode": 400,
    "messages": [
      "Illegal argument from request: Invalid LatLng specified."
    ]
  },
  "options": {
    "maxResults": 1,
    "ignoreLatLngInput": false
  },
  "results": [
    {
      "providedLocation": {},
      "locations": []
    }
  ]
}
]]></system-err>
  </testcase>
  <testcase name="whenResolveDetiGps_returnJacintoMagalhaeAddress" classname="geocoding.AddressResolverTest" time="0.007">
    <system-err><![CDATA[fev 28, 2024 12:01:40 DA MANHÃƒ geocoding.AddressResolverService findAddressForLocation
INFO: {"results": [
    {
      "providedLocation": {
        "latLng": {
          "lat": 40.63436,
          "lng": -8.65616
        }
      },
      "locations": [
        {
          "street": "Avenida da Universidade",
          "adminArea6": "Aveiro",
          "adminArea6Type": "Neighborhood",
          "adminArea5": "Aveiro",
          "adminArea5Type": "City",
          "adminArea4": "Aveiro",
          "adminArea4Type": "County",
          "adminArea3": "",
          "adminArea3Type": "State",
          "adminArea1": "PT",
          "adminArea1Type": "Country",
          "postalCode": "3810-489",
          "geocodeQualityCode": "B1AAA",
          "geocodeQuality": "STREET",
          "dragPoint": false,
          "sideOfStreet": "L",
          "linkId": "0",
          "unknownInput": "",
          "type": "s",
          "latLng": {
            "lat": 40.63437,
            "lng": -8.65625
          },
          "displayLatLng": {
            "lat": 40.63437,
            "lng": -8.65625
          },
          "mapUrl": ""
        }
      ]
    }
  ] }
]]></system-err>
  </testcase>
</testsuite>